This file contains any messages produced by compilers while
running configure, to aid debugging if configure makes a mistake.

It was created by Rlobico configure 0.1.0, which was
generated by GNU Autoconf 2.69.  Invocation command line was

  $ ./configure 

## --------- ##
## Platform. ##
## --------- ##

hostname = chris-OptiPlex-3060
uname -m = x86_64
uname -r = 4.18.0-25-generic
uname -s = Linux
uname -v = #26~18.04.1-Ubuntu SMP Thu Jun 27 07:28:31 UTC 2019

/usr/bin/uname -p = unknown
/bin/uname -X     = unknown

/bin/arch              = unknown
/usr/bin/arch -k       = unknown
/usr/convex/getsysinfo = unknown
/usr/bin/hostinfo      = unknown
/bin/machine           = unknown
/usr/bin/oslevel       = unknown
/bin/universe          = unknown

PATH: /home/chris/bin
PATH: /home/chris/bin
PATH: /usr/local/sbin
PATH: /usr/local/bin
PATH: /usr/sbin
PATH: /usr/bin
PATH: /sbin
PATH: /bin
PATH: /usr/games
PATH: /usr/local/games
PATH: /snap/bin


## ----------- ##
## Core tests. ##
## ----------- ##

configure:2383: checking for gcc
configure:2410: result: gcc -std=gnu99
configure:2639: checking for C compiler version
configure:2648: gcc -std=gnu99 --version >&5
gcc (Ubuntu 7.4.0-1ubuntu1~18.04.1) 7.4.0
Copyright (C) 2017 Free Software Foundation, Inc.
This is free software; see the source for copying conditions.  There is NO
warranty; not even for MERCHANTABILITY or FITNESS FOR A PARTICULAR PURPOSE.

configure:2659: $? = 0
configure:2648: gcc -std=gnu99 -v >&5
Using built-in specs.
COLLECT_GCC=gcc
COLLECT_LTO_WRAPPER=/usr/lib/gcc/x86_64-linux-gnu/7/lto-wrapper
OFFLOAD_TARGET_NAMES=nvptx-none
OFFLOAD_TARGET_DEFAULT=1
Target: x86_64-linux-gnu
Configured with: ../src/configure -v --with-pkgversion='Ubuntu 7.4.0-1ubuntu1~18.04.1' --with-bugurl=file:///usr/share/doc/gcc-7/README.Bugs --enable-languages=c,ada,c++,go,brig,d,fortran,objc,obj-c++ --prefix=/usr --with-gcc-major-version-only --program-suffix=-7 --program-prefix=x86_64-linux-gnu- --enable-shared --enable-linker-build-id --libexecdir=/usr/lib --without-included-gettext --enable-threads=posix --libdir=/usr/lib --enable-nls --with-sysroot=/ --enable-clocale=gnu --enable-libstdcxx-debug --enable-libstdcxx-time=yes --with-default-libstdcxx-abi=new --enable-gnu-unique-object --disable-vtable-verify --enable-libmpx --enable-plugin --enable-default-pie --with-system-zlib --with-target-system-zlib --enable-objc-gc=auto --enable-multiarch --disable-werror --with-arch-32=i686 --with-abi=m64 --with-multilib-list=m32,m64,mx32 --enable-multilib --with-tune=generic --enable-offload-targets=nvptx-none --without-cuda-driver --enable-checking=release --build=x86_64-linux-gnu --host=x86_64-linux-gnu --target=x86_64-linux-gnu
Thread model: posix
gcc version 7.4.0 (Ubuntu 7.4.0-1ubuntu1~18.04.1) 
configure:2659: $? = 0
configure:2648: gcc -std=gnu99 -V >&5
gcc: error: unrecognized command line option '-V'
gcc: fatal error: no input files
compilation terminated.
configure:2659: $? = 1
configure:2648: gcc -std=gnu99 -qversion >&5
gcc: error: unrecognized command line option '-qversion'; did you mean '--version'?
gcc: fatal error: no input files
compilation terminated.
configure:2659: $? = 1
configure:2679: checking whether the C compiler works
configure:2701: gcc -std=gnu99    conftest.c  >&5
configure:2705: $? = 0
configure:2753: result: yes
configure:2756: checking for C compiler default output file name
configure:2758: result: a.out
configure:2764: checking for suffix of executables
configure:2771: gcc -std=gnu99 -o conftest    conftest.c  >&5
configure:2775: $? = 0
configure:2797: result: 
configure:2819: checking whether we are cross compiling
configure:2827: gcc -std=gnu99 -o conftest    conftest.c  >&5
configure:2831: $? = 0
configure:2838: ./conftest
configure:2842: $? = 0
configure:2857: result: no
configure:2862: checking for suffix of object files
configure:2884: gcc -std=gnu99 -c   conftest.c >&5
configure:2888: $? = 0
configure:2909: result: o
configure:2913: checking whether we are using the GNU C compiler
configure:2932: gcc -std=gnu99 -c   conftest.c >&5
configure:2932: $? = 0
configure:2941: result: yes
configure:2950: checking whether gcc -std=gnu99 accepts -g
configure:2970: gcc -std=gnu99 -c -g  conftest.c >&5
configure:2970: $? = 0
configure:3011: result: yes
configure:3028: checking for gcc -std=gnu99 option to accept ISO C89
configure:3091: gcc -std=gnu99  -c -g -O2  conftest.c >&5
configure:3091: $? = 0
configure:3104: result: none needed
configure:3129: checking how to run the C preprocessor
configure:3199: result: gcc -std=gnu99 -E
configure:3219: gcc -std=gnu99 -E  conftest.c
configure:3219: $? = 0
configure:3233: gcc -std=gnu99 -E  conftest.c
conftest.c:9:10: fatal error: ac_nonexistent.h: No such file or directory
 #include <ac_nonexistent.h>
          ^~~~~~~~~~~~~~~~~~
compilation terminated.
configure:3233: $? = 1
configure: failed program was:
| /* confdefs.h */
| #define PACKAGE_NAME "Rlobico"
| #define PACKAGE_TARNAME "rlobico"
| #define PACKAGE_VERSION "0.1.0"
| #define PACKAGE_STRING "Rlobico 0.1.0"
| #define PACKAGE_BUGREPORT ""
| #define PACKAGE_URL ""
| /* end confdefs.h.  */
| #include <ac_nonexistent.h>
configure:3268: checking for grep that handles long lines and -e
configure:3326: result: /bin/grep
configure:3331: checking for egrep
configure:3393: result: /bin/grep -E
configure:3398: checking for ANSI C header files
configure:3418: gcc -std=gnu99 -c -g -O2   conftest.c >&5
configure:3418: $? = 0
configure:3491: gcc -std=gnu99 -o conftest -g -O2    conftest.c  >&5
configure:3491: $? = 0
configure:3491: ./conftest
configure:3491: $? = 0
configure:3502: result: yes
configure:3515: checking for sys/types.h
configure:3515: gcc -std=gnu99 -c -g -O2   conftest.c >&5
configure:3515: $? = 0
configure:3515: result: yes
configure:3515: checking for sys/stat.h
configure:3515: gcc -std=gnu99 -c -g -O2   conftest.c >&5
configure:3515: $? = 0
configure:3515: result: yes
configure:3515: checking for stdlib.h
configure:3515: gcc -std=gnu99 -c -g -O2   conftest.c >&5
configure:3515: $? = 0
configure:3515: result: yes
configure:3515: checking for string.h
configure:3515: gcc -std=gnu99 -c -g -O2   conftest.c >&5
configure:3515: $? = 0
configure:3515: result: yes
configure:3515: checking for memory.h
configure:3515: gcc -std=gnu99 -c -g -O2   conftest.c >&5
configure:3515: $? = 0
configure:3515: result: yes
configure:3515: checking for strings.h
configure:3515: gcc -std=gnu99 -c -g -O2   conftest.c >&5
configure:3515: $? = 0
configure:3515: result: yes
configure:3515: checking for inttypes.h
configure:3515: gcc -std=gnu99 -c -g -O2   conftest.c >&5
configure:3515: $? = 0
configure:3515: result: yes
configure:3515: checking for stdint.h
configure:3515: gcc -std=gnu99 -c -g -O2   conftest.c >&5
configure:3515: $? = 0
configure:3515: result: yes
configure:3515: checking for unistd.h
configure:3515: gcc -std=gnu99 -c -g -O2   conftest.c >&5
configure:3515: $? = 0
configure:3515: result: yes
configure:3527: checking ilcplex/cplex.h usability
configure:3527: gcc -std=gnu99 -c -g -O2   conftest.c >&5
conftest.c:52:10: fatal error: ilcplex/cplex.h: No such file or directory
 #include <ilcplex/cplex.h>
          ^~~~~~~~~~~~~~~~~
compilation terminated.
configure:3527: $? = 1
configure: failed program was:
| /* confdefs.h */
| #define PACKAGE_NAME "Rlobico"
| #define PACKAGE_TARNAME "rlobico"
| #define PACKAGE_VERSION "0.1.0"
| #define PACKAGE_STRING "Rlobico 0.1.0"
| #define PACKAGE_BUGREPORT ""
| #define PACKAGE_URL ""
| #define STDC_HEADERS 1
| #define HAVE_SYS_TYPES_H 1
| #define HAVE_SYS_STAT_H 1
| #define HAVE_STDLIB_H 1
| #define HAVE_STRING_H 1
| #define HAVE_MEMORY_H 1
| #define HAVE_STRINGS_H 1
| #define HAVE_INTTYPES_H 1
| #define HAVE_STDINT_H 1
| #define HAVE_UNISTD_H 1
| /* end confdefs.h.  */
| #include <stdio.h>
| #ifdef HAVE_SYS_TYPES_H
| # include <sys/types.h>
| #endif
| #ifdef HAVE_SYS_STAT_H
| # include <sys/stat.h>
| #endif
| #ifdef STDC_HEADERS
| # include <stdlib.h>
| # include <stddef.h>
| #else
| # ifdef HAVE_STDLIB_H
| #  include <stdlib.h>
| # endif
| #endif
| #ifdef HAVE_STRING_H
| # if !defined STDC_HEADERS && defined HAVE_MEMORY_H
| #  include <memory.h>
| # endif
| # include <string.h>
| #endif
| #ifdef HAVE_STRINGS_H
| # include <strings.h>
| #endif
| #ifdef HAVE_INTTYPES_H
| # include <inttypes.h>
| #endif
| #ifdef HAVE_STDINT_H
| # include <stdint.h>
| #endif
| #ifdef HAVE_UNISTD_H
| # include <unistd.h>
| #endif
| #include <ilcplex/cplex.h>
configure:3527: result: no
configure:3527: checking ilcplex/cplex.h presence
configure:3527: gcc -std=gnu99 -E   conftest.c
conftest.c:19:10: fatal error: ilcplex/cplex.h: No such file or directory
 #include <ilcplex/cplex.h>
          ^~~~~~~~~~~~~~~~~
compilation terminated.
configure:3527: $? = 1
configure: failed program was:
| /* confdefs.h */
| #define PACKAGE_NAME "Rlobico"
| #define PACKAGE_TARNAME "rlobico"
| #define PACKAGE_VERSION "0.1.0"
| #define PACKAGE_STRING "Rlobico 0.1.0"
| #define PACKAGE_BUGREPORT ""
| #define PACKAGE_URL ""
| #define STDC_HEADERS 1
| #define HAVE_SYS_TYPES_H 1
| #define HAVE_SYS_STAT_H 1
| #define HAVE_STDLIB_H 1
| #define HAVE_STRING_H 1
| #define HAVE_MEMORY_H 1
| #define HAVE_STRINGS_H 1
| #define HAVE_INTTYPES_H 1
| #define HAVE_STDINT_H 1
| #define HAVE_UNISTD_H 1
| /* end confdefs.h.  */
| #include <ilcplex/cplex.h>
configure:3527: result: no
configure:3527: checking for ilcplex/cplex.h
configure:3527: result: no
configure:3534: error: CPLEX header cplex.h not found

## ---------------- ##
## Cache variables. ##
## ---------------- ##

ac_cv_c_compiler_gnu=yes
ac_cv_env_CC_set=
ac_cv_env_CC_value=
ac_cv_env_CFLAGS_set=
ac_cv_env_CFLAGS_value=
ac_cv_env_CPPFLAGS_set=
ac_cv_env_CPPFLAGS_value=
ac_cv_env_CPP_set=
ac_cv_env_CPP_value=
ac_cv_env_LDFLAGS_set=
ac_cv_env_LDFLAGS_value=
ac_cv_env_LIBS_set=
ac_cv_env_LIBS_value=
ac_cv_env_build_alias_set=
ac_cv_env_build_alias_value=
ac_cv_env_host_alias_set=
ac_cv_env_host_alias_value=
ac_cv_env_target_alias_set=
ac_cv_env_target_alias_value=
ac_cv_header_ilcplex_cplex_h=no
ac_cv_header_inttypes_h=yes
ac_cv_header_memory_h=yes
ac_cv_header_stdc=yes
ac_cv_header_stdint_h=yes
ac_cv_header_stdlib_h=yes
ac_cv_header_string_h=yes
ac_cv_header_strings_h=yes
ac_cv_header_sys_stat_h=yes
ac_cv_header_sys_types_h=yes
ac_cv_header_unistd_h=yes
ac_cv_objext=o
ac_cv_path_EGREP='/bin/grep -E'
ac_cv_path_GREP=/bin/grep
ac_cv_prog_CPP='gcc -std=gnu99 -E'
ac_cv_prog_ac_ct_CC='gcc -std=gnu99'
ac_cv_prog_cc_c89=
ac_cv_prog_cc_g=yes

## ----------------- ##
## Output variables. ##
## ----------------- ##

AWK=''
CC='gcc -std=gnu99'
CFLAGS='-g -O2'
CPLEX_BIN=''
CPP='gcc -std=gnu99 -E'
CPPFLAGS=' '
DEFS=''
ECHO_C=''
ECHO_N='-n'
ECHO_T=''
EGREP='/bin/grep -E'
EXEEXT=''
GREP='/bin/grep'
LDFLAGS=''
LIBOBJS=''
LIBS=''
LTLIBOBJS=''
OBJEXT='o'
PACKAGE_BUGREPORT=''
PACKAGE_NAME='Rlobico'
PACKAGE_STRING='Rlobico 0.1.0'
PACKAGE_TARNAME='rlobico'
PACKAGE_URL=''
PACKAGE_VERSION='0.1.0'
PATH_SEPARATOR=':'
PKG_CPPFLAGS=''
PKG_CXXFLAGS=''
PKG_LIBS=''
SHELL='/bin/bash'
ac_ct_CC='gcc -std=gnu99'
bindir='${exec_prefix}/bin'
build_alias=''
datadir='${datarootdir}'
datarootdir='${prefix}/share'
docdir='${datarootdir}/doc/${PACKAGE_TARNAME}'
dvidir='${docdir}'
exec_prefix='NONE'
host_alias=''
htmldir='${docdir}'
includedir='${prefix}/include'
infodir='${datarootdir}/info'
libdir='${exec_prefix}/lib'
libexecdir='${exec_prefix}/libexec'
localedir='${datarootdir}/locale'
localstatedir='${prefix}/var'
mandir='${datarootdir}/man'
oldincludedir='/usr/include'
pdfdir='${docdir}'
prefix='NONE'
program_transform_name='s,x,x,'
psdir='${docdir}'
runstatedir='${localstatedir}/run'
sbindir='${exec_prefix}/sbin'
sharedstatedir='${prefix}/com'
sysconfdir='${prefix}/etc'
target_alias=''

## ----------- ##
## confdefs.h. ##
## ----------- ##

/* confdefs.h */
#define PACKAGE_NAME "Rlobico"
#define PACKAGE_TARNAME "rlobico"
#define PACKAGE_VERSION "0.1.0"
#define PACKAGE_STRING "Rlobico 0.1.0"
#define PACKAGE_BUGREPORT ""
#define PACKAGE_URL ""
#define STDC_HEADERS 1
#define HAVE_SYS_TYPES_H 1
#define HAVE_SYS_STAT_H 1
#define HAVE_STDLIB_H 1
#define HAVE_STRING_H 1
#define HAVE_MEMORY_H 1
#define HAVE_STRINGS_H 1
#define HAVE_INTTYPES_H 1
#define HAVE_STDINT_H 1
#define HAVE_UNISTD_H 1

configure: exit 1
