* installing *source* package ‘rlobico’ ...
** package ‘rlobico’ successfully unpacked and MD5 sums checked
** using staged installation
** libs
g++ -std=gnu++11 -I"/usr/share/R/include" -DNDEBUG -I/opt/ibm/ILOG/CPLEX_Studio129/cplex/include -I/opt/ibm/ILOG/CPLEX_Studio129/concert/include -I"/home/chris/R/x86_64-pc-linux-gnu-library/3.6/Rcpp/include"  -DIL_STD -fpic  -g -O2 -fdebug-prefix-map=/build/r-base-VjHo9C/r-base-3.6.0=. -fstack-protector-strong -Wformat -Werror=format-security -Wdate-time -D_FORTIFY_SOURCE=2 -g  -c CNF_ILP_weak.cpp -o CNF_ILP_weak.o
g++ -std=gnu++11 -I"/usr/share/R/include" -DNDEBUG -I/opt/ibm/ILOG/CPLEX_Studio129/cplex/include -I/opt/ibm/ILOG/CPLEX_Studio129/concert/include -I"/home/chris/R/x86_64-pc-linux-gnu-library/3.6/Rcpp/include"  -DIL_STD -fpic  -g -O2 -fdebug-prefix-map=/build/r-base-VjHo9C/r-base-3.6.0=. -fstack-protector-strong -Wformat -Werror=format-security -Wdate-time -D_FORTIFY_SOURCE=2 -g  -c DNF_ILP_weak.cpp -o DNF_ILP_weak.o
g++ -std=gnu++11 -I"/usr/share/R/include" -DNDEBUG -I/opt/ibm/ILOG/CPLEX_Studio129/cplex/include -I/opt/ibm/ILOG/CPLEX_Studio129/concert/include -I"/home/chris/R/x86_64-pc-linux-gnu-library/3.6/Rcpp/include"  -DIL_STD -fpic  -g -O2 -fdebug-prefix-map=/build/r-base-VjHo9C/r-base-3.6.0=. -fstack-protector-strong -Wformat -Werror=format-security -Wdate-time -D_FORTIFY_SOURCE=2 -g  -c RcppExports.cpp -o RcppExports.o
g++ -std=gnu++11 -I"/usr/share/R/include" -DNDEBUG -I/opt/ibm/ILOG/CPLEX_Studio129/cplex/include -I/opt/ibm/ILOG/CPLEX_Studio129/concert/include -I"/home/chris/R/x86_64-pc-linux-gnu-library/3.6/Rcpp/include"  -DIL_STD -fpic  -g -O2 -fdebug-prefix-map=/build/r-base-VjHo9C/r-base-3.6.0=. -fstack-protector-strong -Wformat -Werror=format-security -Wdate-time -D_FORTIFY_SOURCE=2 -g  -c cpp_lobico.cpp -o cpp_lobico.o
In file included from /opt/ibm/ILOG/CPLEX_Studio129/concert/include/ilconcert/iloanyset.h:22:0,
                 from /opt/ibm/ILOG/CPLEX_Studio129/concert/include/ilconcert/ilomodel.h:26,
                 from /opt/ibm/ILOG/CPLEX_Studio129/cplex/include/ilcplex/ilocplex.h:27,
                 from cpp_lobico.cpp:8:
/opt/ibm/ILOG/CPLEX_Studio129/concert/include/ilconcert/iloany.h:32:24: warning: ignoring attributes on template argument ‘IloAny {aka void*}’ [-Wignored-attributes]
 typedef IloArray<IloAny> IloAnyArrayBase;
                        ^
In file included from /opt/ibm/ILOG/CPLEX_Studio129/concert/include/ilconcert/ilomodel.h:25:0,
                 from /opt/ibm/ILOG/CPLEX_Studio129/cplex/include/ilcplex/ilocplex.h:27,
                 from cpp_lobico.cpp:8:
/opt/ibm/ILOG/CPLEX_Studio129/concert/include/ilconcert/iloset.h:533:47: warning: ignoring attributes on template argument ‘IloAny {aka void*}’ [-Wignored-attributes]
  typedef IloFunction<name2(Ilo,X),name2(Ilo,Y)> name2(Ilo,name2(name2(X,name2(To,Y)),Function)); \
                                               ^
/opt/ibm/ILOG/CPLEX_Studio129/concert/include/ilconcert/iloanyset.h:300:1: note: in expansion of macro ‘ILO_DECLARE_FUNCTION’
 ILO_DECLARE_FUNCTION(Num,Any)
 ^~~~~~~~~~~~~~~~~~~~
/opt/ibm/ILOG/CPLEX_Studio129/concert/include/ilconcert/iloset.h:533:47: warning: ignoring attributes on template argument ‘IloAny {aka void*}’ [-Wignored-attributes]
  typedef IloFunction<name2(Ilo,X),name2(Ilo,Y)> name2(Ilo,name2(name2(X,name2(To,Y)),Function)); \
                                               ^
/opt/ibm/ILOG/CPLEX_Studio129/concert/include/ilconcert/iloanyset.h:303:1: note: in expansion of macro ‘ILO_DECLARE_FUNCTION’
 ILO_DECLARE_FUNCTION(Any,Num)
 ^~~~~~~~~~~~~~~~~~~~
/opt/ibm/ILOG/CPLEX_Studio129/concert/include/ilconcert/iloset.h:533:47: warning: ignoring attributes on template argument ‘IloAny {aka void*}’ [-Wignored-attributes]
  typedef IloFunction<name2(Ilo,X),name2(Ilo,Y)> name2(Ilo,name2(name2(X,name2(To,Y)),Function)); \
                                               ^
/opt/ibm/ILOG/CPLEX_Studio129/concert/include/ilconcert/iloanyset.h:304:1: note: in expansion of macro ‘ILO_DECLARE_FUNCTION’
 ILO_DECLARE_FUNCTION(Any,NumVar)
 ^~~~~~~~~~~~~~~~~~~~
/opt/ibm/ILOG/CPLEX_Studio129/concert/include/ilconcert/iloset.h:533:47: warning: ignoring attributes on template argument ‘IloAny {aka void*}’ [-Wignored-attributes]
  typedef IloFunction<name2(Ilo,X),name2(Ilo,Y)> name2(Ilo,name2(name2(X,name2(To,Y)),Function)); \
                                               ^
/opt/ibm/ILOG/CPLEX_Studio129/concert/include/ilconcert/iloanyset.h:305:1: note: in expansion of macro ‘ILO_DECLARE_FUNCTION’
 ILO_DECLARE_FUNCTION(Any,NumSetVar)
 ^~~~~~~~~~~~~~~~~~~~
/opt/ibm/ILOG/CPLEX_Studio129/concert/include/ilconcert/iloset.h:533:47: warning: ignoring attributes on template argument ‘IloAny {aka void*}’ [-Wignored-attributes]
  typedef IloFunction<name2(Ilo,X),name2(Ilo,Y)> name2(Ilo,name2(name2(X,name2(To,Y)),Function)); \
                                               ^
/opt/ibm/ILOG/CPLEX_Studio129/concert/include/ilconcert/iloanyset.h:307:1: note: in expansion of macro ‘ILO_DECLARE_FUNCTION’
 ILO_DECLARE_FUNCTION(Int,Any)
 ^~~~~~~~~~~~~~~~~~~~
/opt/ibm/ILOG/CPLEX_Studio129/concert/include/ilconcert/iloset.h:533:47: warning: ignoring attributes on template argument ‘IloAny {aka void*}’ [-Wignored-attributes]
  typedef IloFunction<name2(Ilo,X),name2(Ilo,Y)> name2(Ilo,name2(name2(X,name2(To,Y)),Function)); \
                                               ^
/opt/ibm/ILOG/CPLEX_Studio129/concert/include/ilconcert/iloanyset.h:310:1: note: in expansion of macro ‘ILO_DECLARE_FUNCTION’
 ILO_DECLARE_FUNCTION(Any,Int)
 ^~~~~~~~~~~~~~~~~~~~
/opt/ibm/ILOG/CPLEX_Studio129/concert/include/ilconcert/iloset.h:533:47: warning: ignoring attributes on template argument ‘IloAny {aka void*}’ [-Wignored-attributes]
  typedef IloFunction<name2(Ilo,X),name2(Ilo,Y)> name2(Ilo,name2(name2(X,name2(To,Y)),Function)); \
                                               ^
/opt/ibm/ILOG/CPLEX_Studio129/concert/include/ilconcert/iloanyset.h:311:1: note: in expansion of macro ‘ILO_DECLARE_FUNCTION’
 ILO_DECLARE_FUNCTION(Any,IntVar)
 ^~~~~~~~~~~~~~~~~~~~
/opt/ibm/ILOG/CPLEX_Studio129/concert/include/ilconcert/iloset.h:533:47: warning: ignoring attributes on template argument ‘IloAny {aka void*}’ [-Wignored-attributes]
  typedef IloFunction<name2(Ilo,X),name2(Ilo,Y)> name2(Ilo,name2(name2(X,name2(To,Y)),Function)); \
                                               ^
/opt/ibm/ILOG/CPLEX_Studio129/concert/include/ilconcert/iloanyset.h:312:1: note: in expansion of macro ‘ILO_DECLARE_FUNCTION’
 ILO_DECLARE_FUNCTION(Any,IntSetVar)
 ^~~~~~~~~~~~~~~~~~~~
/opt/ibm/ILOG/CPLEX_Studio129/concert/include/ilconcert/iloset.h:533:47: warning: ignoring attributes on template argument ‘IloAny {aka void*}’ [-Wignored-attributes]
  typedef IloFunction<name2(Ilo,X),name2(Ilo,Y)> name2(Ilo,name2(name2(X,name2(To,Y)),Function)); \
                                               ^
/opt/ibm/ILOG/CPLEX_Studio129/concert/include/ilconcert/iloanyset.h:313:1: note: in expansion of macro ‘ILO_DECLARE_FUNCTION’
 ILO_DECLARE_FUNCTION(Any,Any)
 ^~~~~~~~~~~~~~~~~~~~
/opt/ibm/ILOG/CPLEX_Studio129/concert/include/ilconcert/iloset.h:533:47: warning: ignoring attributes on template argument ‘IloAny {aka void*}’ [-Wignored-attributes]
  typedef IloFunction<name2(Ilo,X),name2(Ilo,Y)> name2(Ilo,name2(name2(X,name2(To,Y)),Function)); \
                                               ^
/opt/ibm/ILOG/CPLEX_Studio129/concert/include/ilconcert/iloanyset.h:313:1: note: in expansion of macro ‘ILO_DECLARE_FUNCTION’
 ILO_DECLARE_FUNCTION(Any,Any)
 ^~~~~~~~~~~~~~~~~~~~
/opt/ibm/ILOG/CPLEX_Studio129/concert/include/ilconcert/iloset.h:533:47: warning: ignoring attributes on template argument ‘IloAny {aka void*}’ [-Wignored-attributes]
  typedef IloFunction<name2(Ilo,X),name2(Ilo,Y)> name2(Ilo,name2(name2(X,name2(To,Y)),Function)); \
                                               ^
/opt/ibm/ILOG/CPLEX_Studio129/concert/include/ilconcert/iloanyset.h:314:1: note: in expansion of macro ‘ILO_DECLARE_FUNCTION’
 ILO_DECLARE_FUNCTION(Any,AnyVar)
 ^~~~~~~~~~~~~~~~~~~~
/opt/ibm/ILOG/CPLEX_Studio129/concert/include/ilconcert/iloset.h:533:47: warning: ignoring attributes on template argument ‘IloAny {aka void*}’ [-Wignored-attributes]
  typedef IloFunction<name2(Ilo,X),name2(Ilo,Y)> name2(Ilo,name2(name2(X,name2(To,Y)),Function)); \
                                               ^
/opt/ibm/ILOG/CPLEX_Studio129/concert/include/ilconcert/iloanyset.h:315:1: note: in expansion of macro ‘ILO_DECLARE_FUNCTION’
 ILO_DECLARE_FUNCTION(Any,AnySetVar)
 ^~~~~~~~~~~~~~~~~~~~
In file included from /opt/ibm/ILOG/CPLEX_Studio129/concert/include/ilconcert/ilosolution.h:34:0,
                 from /opt/ibm/ILOG/CPLEX_Studio129/concert/include/ilconcert/ilomodel.h:839,
                 from /opt/ibm/ILOG/CPLEX_Studio129/cplex/include/ilcplex/ilocplex.h:27,
                 from cpp_lobico.cpp:8:
/opt/ibm/ILOG/CPLEX_Studio129/concert/include/ilconcert/ilohash.h:589:69: warning: ignoring attributes on template argument ‘IloAny {aka void*}’ [-Wignored-attributes]
 class IloAddressHashTable : public IloEnvHashTable<IloAny, ValueType> {
                                                                     ^
/opt/ibm/ILOG/CPLEX_Studio129/concert/include/ilconcert/ilohash.h: In constructor ‘IloAddressHashTable<ValueType>::IloAddressHashTable(IloMemoryManager, IloInt)’:
/opt/ibm/ILOG/CPLEX_Studio129/concert/include/ilconcert/ilohash.h:592:37: warning: ignoring attributes on template argument ‘IloAny {aka void*}’ [-Wignored-attributes]
   :IloEnvHashTable<IloAny, ValueType>(env,
                                     ^
/opt/ibm/ILOG/CPLEX_Studio129/concert/include/ilconcert/ilohash.h: In constructor ‘IloAddressHashTable<ValueType>::IloAddressHashTable(IloEnv, IloInt)’:
/opt/ibm/ILOG/CPLEX_Studio129/concert/include/ilconcert/ilohash.h:598:37: warning: ignoring attributes on template argument ‘IloAny {aka void*}’ [-Wignored-attributes]
   :IloEnvHashTable<IloAny, ValueType>(env,
                                     ^
/opt/ibm/ILOG/CPLEX_Studio129/concert/include/ilconcert/ilohash.h: At global scope:
/opt/ibm/ILOG/CPLEX_Studio129/concert/include/ilconcert/ilohash.h:713:62: warning: ignoring attributes on template argument ‘IloAny {aka void*}’ [-Wignored-attributes]
 class IloAny2AnyHashTable : public IloAddressHashTable<IloAny> {
                                                              ^
/opt/ibm/ILOG/CPLEX_Studio129/concert/include/ilconcert/ilohash.h: In constructor ‘IloAny2AnyHashTable::IloAny2AnyHashTable(IloMemoryManager, IloInt)’:
/opt/ibm/ILOG/CPLEX_Studio129/concert/include/ilconcert/ilohash.h:716:31: warning: ignoring attributes on template argument ‘IloAny {aka void*}’ [-Wignored-attributes]
   : IloAddressHashTable<IloAny>(env, size) {}
                               ^
/opt/ibm/ILOG/CPLEX_Studio129/concert/include/ilconcert/ilohash.h: In constructor ‘IloAny2AnyHashTable::IloAny2AnyHashTable(IloEnv, IloInt)’:
/opt/ibm/ILOG/CPLEX_Studio129/concert/include/ilconcert/ilohash.h:718:31: warning: ignoring attributes on template argument ‘IloAny {aka void*}’ [-Wignored-attributes]
   : IloAddressHashTable<IloAny>(env, size) {}
                               ^
g++ -std=gnu++11 -I"/usr/share/R/include" -DNDEBUG -I/opt/ibm/ILOG/CPLEX_Studio129/cplex/include -I/opt/ibm/ILOG/CPLEX_Studio129/concert/include -I"/home/chris/R/x86_64-pc-linux-gnu-library/3.6/Rcpp/include"  -DIL_STD -fpic  -g -O2 -fdebug-prefix-map=/build/r-base-VjHo9C/r-base-3.6.0=. -fstack-protector-strong -Wformat -Werror=format-security -Wdate-time -D_FORTIFY_SOURCE=2 -g  -c helperFunc.cpp -o helperFunc.o
g++ -std=gnu++11 -shared -L/usr/lib/R/lib -Wl,-Bsymbolic-functions -Wl,-z,relro -o rlobico.so CNF_ILP_weak.o DNF_ILP_weak.o RcppExports.o cpp_lobico.o helperFunc.o -L/opt/ibm/ILOG/CPLEX_Studio129/cplex/lib/x86-64_linux/static_pic -L/opt/ibm/ILOG/CPLEX_Studio129/concert/lib/x86-64_linux/static_pic -lilocplex -lconcert -lcplex -lm -lpthread -L/usr/lib/R/lib -lR
installing to /home/chris/rPackages/RLOBICO/rlobico.Rcheck/00LOCK-rlobico/00new/rlobico/libs
** R
** data
*** moving datasets to lazyload DB
** byte-compile and prepare package for lazy loading
** help
*** installing help indices
** building package indices
** testing if installed package can be loaded from temporary location
** checking absolute paths in shared objects and dynamic libraries
** testing if installed package can be loaded from final location
** testing if installed package keeps a record of temporary installation path
* DONE (rlobico)
